# JRE version: Java(TM) SE Runtime Environment (23.0.2+7) (build 23.0.2+7-58)
# Java VM: Java HotSpot(TM) 64-Bit Server VM (23.0.2+7-58, mixed mode, sharing, tiered, compressed oops, compressed class ptrs, g1 gc, windows-amd64)
GC Precious Log:
 CardTable entry size: 512
 Card Set container configuration: InlinePtr #cards 5 size 8 Array Of Cards #cards 10 size 36 Howl #buckets 4 coarsen threshold 1843 Howl Bitmap #cards 512 size 80 coarsen threshold 460 Card regions per heap region 1 cards per card region 2048
 CPUs: 8 total, 8 available
 Memory: 7418M
 Large Page Support: Disabled
 NUMA Support: Disabled
 Compressed Oops: Enabled (32-bit)
 Heap Region Size: 1M
 Heap Min Capacity: 8M
 Heap Initial Capacity: 116M
 Heap Max Capacity: 1856M
 Pre-touch: Disabled
 Parallel Workers: 8
 Concurrent Workers: 2
 Concurrent Refinement Workers: 8
 Periodic GC: Disabled
Heap:
 garbage-first heap   total reserved 1900544K, committed 48128K, used 25267K [0x000000008c000000, 0x0000000100000000)
  region size 1024K, 8 young (8192K), 1 survivors (1024K)
 Metaspace       used 31385K, committed 31872K, reserved 1114112K
  class space    used 3753K, committed 3968K, reserved 1048576K
GC Heap History (14 events):
Event: 26.097 GC heap before
{Heap before GC invocations=0 (full 0):
 garbage-first heap   total reserved 1900544K, committed 118784K, used 25600K [0x000000008c000000, 0x0000000100000000)
  region size 1024K, 24 young (24576K), 0 survivors (0K)
 Metaspace       used 7697K, committed 7872K, reserved 1114112K
  class space    used 877K, committed 960K, reserved 1048576K
}
Event: 26.119 GC heap after
{Heap after GC invocations=1 (full 0):
 garbage-first heap   total reserved 1900544K, committed 118784K, used 6592K [0x000000008c000000, 0x0000000100000000)
  region size 1024K, 3 young (3072K), 3 survivors (3072K)
 Metaspace       used 7697K, committed 7872K, reserved 1114112K
  class space    used 877K, committed 960K, reserved 1048576K
}
Event: 27.020 GC heap before
{Heap before GC invocations=1 (full 0):
 garbage-first heap   total reserved 1900544K, committed 118784K, used 27072K [0x000000008c000000, 0x0000000100000000)
  region size 1024K, 24 young (24576K), 3 survivors (3072K)
 Metaspace       used 13324K, committed 13568K, reserved 1114112K
  class space    used 1480K, committed 1600K, reserved 1048576K
}
Event: 27.027 GC heap after
{Heap after GC invocations=2 (full 0):
 garbage-first heap   total reserved 1900544K, committed 118784K, used 8305K [0x000000008c000000, 0x0000000100000000)
  region size 1024K, 2 young (2048K), 2 survivors (2048K)
 Metaspace       used 13324K, committed 13568K, reserved 1114112K
  class space    used 1480K, committed 1600K, reserved 1048576K
}
Event: 29.126 GC heap before
{Heap before GC invocations=2 (full 0):
 garbage-first heap   total reserved 1900544K, committed 118784K, used 40049K [0x000000008c000000, 0x0000000100000000)
  region size 1024K, 35 young (35840K), 2 survivors (2048K)
 Metaspace       used 21282K, committed 21504K, reserved 1114112K
  class space    used 2391K, committed 2496K, reserved 1048576K
}
Event: 29.171 GC heap after
{Heap after GC invocations=3 (full 0):
 garbage-first heap   total reserved 1900544K, committed 118784K, used 13392K [0x000000008c000000, 0x0000000100000000)
  region size 1024K, 7 young (7168K), 7 survivors (7168K)
 Metaspace       used 21282K, committed 21504K, reserved 1114112K
  class space    used 2391K, committed 2496K, reserved 1048576K
}
Event: 29.451 GC heap before
{Heap before GC invocations=4 (full 0):
 garbage-first heap   total reserved 1900544K, committed 48128K, used 34896K [0x000000008c000000, 0x0000000100000000)
  region size 1024K, 28 young (28672K), 7 survivors (7168K)
 Metaspace       used 21523K, committed 21760K, reserved 1114112K
  class space    used 2398K, committed 2496K, reserved 1048576K
}
Event: 29.469 GC heap after
{Heap after GC invocations=5 (full 0):
 garbage-first heap   total reserved 1900544K, committed 48128K, used 16942K [0x000000008c000000, 0x0000000100000000)
  region size 1024K, 4 young (4096K), 4 survivors (4096K)
 Metaspace       used 21523K, committed 21760K, reserved 1114112K
  class space    used 2398K, committed 2496K, reserved 1048576K
}
Event: 31.052 GC heap before
{Heap before GC invocations=5 (full 0):
 garbage-first heap   total reserved 1900544K, committed 48128K, used 35374K [0x000000008c000000, 0x0000000100000000)
  region size 1024K, 22 young (22528K), 4 survivors (4096K)
 Metaspace       used 27161K, committed 27520K, reserved 1114112K
  class space    used 3194K, committed 3392K, reserved 1048576K
}
Event: 31.128 GC heap after
{Heap after GC invocations=6 (full 0):
 garbage-first heap   total reserved 1900544K, committed 48128K, used 19024K [0x000000008c000000, 0x0000000100000000)
  region size 1024K, 2 young (2048K), 2 survivors (2048K)
 Metaspace       used 27161K, committed 27520K, reserved 1114112K
  class space    used 3194K, committed 3392K, reserved 1048576K
}
Event: 75.566 GC heap before
{Heap before GC invocations=6 (full 0):
 garbage-first heap   total reserved 1900544K, committed 48128K, used 37456K [0x000000008c000000, 0x0000000100000000)
  region size 1024K, 20 young (20480K), 2 survivors (2048K)
 Metaspace       used 29091K, committed 29440K, reserved 1114112K
  class space    used 3446K, committed 3584K, reserved 1048576K
}
Event: 77.606 GC heap after
{Heap after GC invocations=7 (full 0):
 garbage-first heap   total reserved 1900544K, committed 48128K, used 19647K [0x000000008c000000, 0x0000000100000000)
  region size 1024K, 3 young (3072K), 3 survivors (3072K)
 Metaspace       used 29091K, committed 29440K, reserved 1114112K
  class space    used 3446K, committed 3584K, reserved 1048576K
}
Event: 77.833 GC heap before
{Heap before GC invocations=7 (full 0):
 garbage-first heap   total reserved 1900544K, committed 48128K, used 19647K [0x000000008c000000, 0x0000000100000000)
  region size 1024K, 4 young (4096K), 3 survivors (3072K)
 Metaspace       used 29333K, committed 29824K, reserved 1114112K
  class space    used 3481K, committed 3712K, reserved 1048576K
}
Event: 77.842 GC heap after
{Heap after GC invocations=8 (full 0):
 garbage-first heap   total reserved 1900544K, committed 48128K, used 20147K [0x000000008c000000, 0x0000000100000000)
  region size 1024K, 1 young (1024K), 1 survivors (1024K)
 Metaspace       used 29333K, committed 29824K, reserved 1114112K
  class space    used 3481K, committed 3712K, reserved 1048576K
}

